mode: set
createservice/cmd/main.go:12.13,22.40 6 0
createservice/cmd/main.go:22.40,24.3 1 0
createservice/cmd/main.go:26.2,28.16 2 0
createservice/internal/services/create_service.go:12.81,14.2 1 1
createservice/internal/services/create_service.go:16.60,19.2 2 1
createservice/internal/repository/create_repository.go:14.84,18.2 1 1
createservice/internal/repository/create_repository.go:20.76,26.2 4 1
createservice/internal/db/mongo.go:13.41,19.60 4 0
createservice/internal/db/mongo.go:19.60,21.6 1 0
createservice/internal/db/mongo.go:23.5,27.19 4 0
createservice/internal/db/mongo.go:27.19,29.6 1 0
createservice/internal/db/mongo.go:31.5,31.49 1 0
createservice/internal/db/mongo.go:31.49,33.6 1 0
createservice/internal/db/mongo.go:35.5,39.42 3 0
createservice/internal/db/mongo_adapter.go:12.77,14.2 1 0
createservice/internal/db/mongo_adapter.go:16.108,19.2 2 0
createservice/internal/controllers/create_controller.go:14.85,16.2 1 1
createservice/internal/controllers/create_controller.go:18.57,21.53 2 1
createservice/internal/controllers/create_controller.go:21.53,24.6 2 0
createservice/internal/controllers/create_controller.go:26.5,26.54 1 1
createservice/internal/controllers/create_controller.go:26.54,29.6 2 0
createservice/internal/controllers/create_controller.go:31.5,31.75 1 1
